<?xml version="1.0" encoding="UTF-8"?>
<testng-results ignored="0" total="1" passed="1" failed="0" skipped="0">
  <reporter-output>
  </reporter-output>
  <suite started-at="2024-06-10T10:40:27 IST" name="Default suite" finished-at="2024-06-10T10:40:31 IST" duration-ms="3196">
    <groups>
    </groups>
    <test started-at="2024-06-10T10:40:27 IST" name="Default test" finished-at="2024-06-10T10:40:31 IST" duration-ms="3196">
      <class name="ECommerce.ECommerce.AppTest">
        <test-method signature="shouldAnswerWithTrue()[pri:0, instance:ECommerce.ECommerce.AppTest@4b8ee4de]" started-at="2024-06-10T10:40:27 IST" name="shouldAnswerWithTrue" finished-at="2024-06-10T10:40:31 IST" duration-ms="3158" status="PASS">
          <reporter-output>
          </reporter-output>
        </test-method> <!-- shouldAnswerWithTrue -->
      </class> <!-- ECommerce.ECommerce.AppTest -->
    </test> <!-- Default test -->
  </suite> <!-- Default suite -->
</testng-results>
